<?xml version="1.0" encoding="UTF-8"?>
<coverage generated="1552234617964" clover="3.2.0">
  <project timestamp="1552234617964" name="All files">
    <metrics statements="15" coveredstatements="15" conditionals="0" coveredconditionals="0" methods="6" coveredmethods="6" elements="21" coveredelements="21" complexity="0" loc="15" ncloc="15" packages="1" files="2" classes="2"/>
    <file name="cruise-ships.js" path="/home/vitnija/Projects/cruise-ships/src/cruise-ships.js">
      <metrics statements="7" coveredstatements="7" conditionals="0" coveredconditionals="0" methods="3" coveredmethods="3"/>
      <line num="2" count="5" type="stmt"/>
      <line num="3" count="5" type="stmt"/>
      <line num="6" count="2" type="stmt"/>
      <line num="7" count="1" type="stmt"/>
      <line num="10" count="2" type="stmt"/>
      <line num="11" count="1" type="stmt"/>
      <line num="14" count="2" type="stmt"/>
    </file>
    <file name="port.js" path="/home/vitnija/Projects/cruise-ships/src/port.js">
      <metrics statements="8" coveredstatements="8" conditionals="0" coveredconditionals="0" methods="3" coveredmethods="3"/>
      <line num="2" count="10" type="stmt"/>
      <line num="3" count="10" type="stmt"/>
      <line num="6" count="2" type="stmt"/>
      <line num="7" count="6" type="stmt"/>
      <line num="10" count="2" type="stmt"/>
      <line num="11" count="1" type="stmt"/>
      <line num="12" count="1" type="stmt"/>
      <line num="15" count="2" type="stmt"/>
    </file>
  </project>
</coverage>
