<?xml version="1.0" encoding="UTF-8"?>
<coverage generated="1551991915552" clover="3.2.0">
  <project timestamp="1551991915552" name="All files">
    <metrics statements="8" coveredstatements="8" conditionals="0" coveredconditionals="0" methods="4" coveredmethods="4" elements="12" coveredelements="12" complexity="0" loc="8" ncloc="8" packages="1" files="2" classes="2"/>
    <file name="cruise-ships.js" path="/home/vitnija/Projects/cruise-ships/src/cruise-ships.js">
      <metrics statements="6" coveredstatements="6" conditionals="0" coveredconditionals="0" methods="3" coveredmethods="3"/>
      <line num="2" count="4" type="stmt"/>
      <line num="5" count="1" type="stmt"/>
      <line num="6" count="1" type="stmt"/>
      <line num="9" count="1" type="stmt"/>
      <line num="10" count="1" type="stmt"/>
      <line num="13" count="1" type="stmt"/>
    </file>
    <file name="port.js" path="/home/vitnija/Projects/cruise-ships/src/port.js">
      <metrics statements="2" coveredstatements="2" conditionals="0" coveredconditionals="0" methods="1" coveredmethods="1"/>
      <line num="2" count="4" type="stmt"/>
      <line num="5" count="2" type="stmt"/>
    </file>
  </project>
</coverage>
