TN:
SF:/home/vitnija/Projects/cruise-ships/src/cruise-ships.js
FN:1,Ship
FN:6,(anonymous_1)
FN:10,(anonymous_2)
FNF:3
FNH:3
FNDA:5,Ship
FNDA:1,(anonymous_1)
FNDA:1,(anonymous_2)
DA:2,5
DA:3,5
DA:6,2
DA:7,1
DA:10,2
DA:11,1
DA:14,2
LF:7
LH:7
BRF:0
BRH:0
end_of_record
TN:
SF:/home/vitnija/Projects/cruise-ships/src/port.js
FN:1,Port
FN:6,(anonymous_1)
FN:10,(anonymous_2)
FNF:3
FNH:3
FNDA:10,Port
FNDA:6,(anonymous_1)
FNDA:1,(anonymous_2)
DA:2,10
DA:3,10
DA:6,2
DA:7,6
DA:10,2
DA:11,1
DA:12,1
DA:15,2
LF:8
LH:8
BRF:0
BRH:0
end_of_record
