TN:
SF:/home/vitnija/Projects/cruise-ships/src/cruise-ships.js
FN:1,Ship
FN:5,(anonymous_1)
FN:9,(anonymous_2)
FNF:3
FNH:3
FNDA:4,Ship
FNDA:1,(anonymous_1)
FNDA:1,(anonymous_2)
DA:2,4
DA:5,1
DA:6,1
DA:9,1
DA:10,1
DA:13,1
LF:6
LH:6
BRF:0
BRH:0
end_of_record
TN:
SF:/home/vitnija/Projects/cruise-ships/src/port.js
FN:1,Port
FN:6,(anonymous_1)
FN:10,(anonymous_2)
FNF:3
FNH:3
FNDA:6,Port
FNDA:1,(anonymous_1)
FNDA:1,(anonymous_2)
DA:2,6
DA:3,6
DA:6,2
DA:7,1
DA:10,2
DA:11,1
DA:12,1
DA:15,2
LF:8
LH:8
BRF:0
BRH:0
end_of_record
